     1	01, 04, 0V0, gnd,
     2	01, 29, 0V0, gnd,
     3	02, 14, 0V0, gnd,
     4	03, 08, 0V0, gnd,
     5	04, 08, 0V0, gnd,
     6	05, 04, 0V0, gnd,
     7	06, 04, 0V0, gnd,
     8	08, 04, 0V0, gnd,
     9	03, 13, 0V0, gnd, oe,
    10	04, 13, 0V0, gnd, oe,
    11	06, 01, 0V0, gnd, s0,
    12	06, 02, 0V0, gnd, s1,
    13	06, 03, 0V0, gnd, s2,
    14	06, 07, 0V0, gnd, wp,
    15	01, 17, 3V3,
    16	05, 08, 3V3,
    17	06, 08, 3V3,
    18	05, 03, 3V3, wp,
    19	01, 27, 5V0,
    20	02, 28, 5V0,
    21	03, 16, 5V0,
    22	04, 16, 5V0,
    23	10, 01, 5V0,
    24	11, 01, 5V0,
    25	12, 01, 5V0,
    26	03, 10, 5V0, srclr,
    27	04, 10, 5V0, srclr,
    28	02, 10, a0,
    29	03, 15, a0,
    30	02, 09, a1,
    31	03, 01, a1,
    32	02, 21, a10,
    33	04, 02, a10,
    34	02, 23, a11,
    35	04, 03, a11,
    36	02, 02, a12,
    37	04, 04, a12,
    38	02, 26, a13,
    39	04, 05, a13,
    40	02, 01, a14,
    41	04, 06, a14,
    42	02, 08, a2,
    43	03, 02, a2,
    44	02, 07, a3,
    45	03, 03, a3,
    46	02, 06, a4,
    47	03, 04, a4,
    48	02, 05, a5,
    49	03, 05, a5,
    50	02, 04, a6,
    51	03, 06, a6,
    52	02, 03, a7,
    53	03, 07, a7,
    54	02, 25, a8,
    55	04, 15, a8,
    56	02, 24, a9,
    57	04, 01, a9,
    58	02, 20, cee,
    59	10, 02, cee,
    60	01, 19, cee, ad0,
    61	01, 13, cs,
    62	05, 01, cs,
    63	01, 05, d0,
    64	02, 11, d0,
    65	01, 06, d1,
    66	02, 12, d1,
    67	01, 07, d2,
    68	02, 13, d2,
    69	01, 08, d3,
    70	02, 15, d3,
    71	01, 09, d4,
    72	02, 16, d4,
    73	01, 10, d5,
    74	02, 17, d5,
    75	01, 11, d6,
    76	02, 18, d6,
    77	01, 12, d7,
    78	02, 19, d7,
    79	01, 12, hold,
    80	05, 07, hold,
    81	01, 15, miso,
    82	05, 02, miso,
    83	01, 14, mosi,
    84	05, 05, mosi,
    85	01, 16, msck,
    86	05, 06, msck,
    87	02, 22, oee,
    88	12, 02, oee,
    89	01, 21, oee, ad2,
    90	01, 13, rclk,
    91	03, 12, rclk,
    92	04, 12, rclk,
    93	01, 02, rx,
    94	08, 02, rx, tx
    95	06, 06, scl,
    96	01, 24, scl, ad5,
    97	06, 05, sda,
    98	01, 23, sda, ad4,
    99	01, 24, ser,
   100	03, 14, ser,
   101	04, 14, ser,
   102	03, 11, srclkl,
   103	01, 22, srclkl, ad3,
   104	04, 11, srclku,
   105	01, 23, srclku, ad4,
   106	01, 01, tx,
   107	08, 03, tx, rx
   108	01, 30, vin,
   109	08, 01, vin,
   110	02, 27, wee,
   111	11, 02, wee,
   112	01, 20, wee, ad1,
